### ISSUE TITLE
MIPS disassembler segfault

### ISSUE THREAD

**Issue by radare** [aquynh/capstone#26]
```
$ lldb -- rasm2 -a mips.cs -d 04110001
Current executable set to 'rasm2' (x86_64).
(lldb) r
Process 96820 launched: '/usr/bin/rasm2' (x86_64)
Process 96820 stopped
* thread #1: tid = 0x54470, 0x000000010100205a libcapstone.dylib`insn_find(m=0x0000000101488bb0, max=<unavailable>, id=0) + 58 at utils.c:30, queue = 'com.apple.main-thread, stop reason = EXC_BAD_ACCESS (code=1, address=0x9701488a84)
    frame #0: 0x000000010100205a libcapstone.dylib`insn_find(m=0x0000000101488bb0, max=<unavailable>, id=0) + 58 at utils.c:30
   27
   28       while(begin <= end) {
   29           i = (begin + end) / 2;
-> 30           if (id == m[i].id)
   31               return i;
   32           else if (id < m[i].id)
   33               end = i - 1;
(lldb) bt
* thread #1: tid = 0x54470, 0x000000010100205a libcapstone.dylib`insn_find(m=0x0000000101488bb0, max=<unavailable>, id=0) + 58 at utils.c:30, queue = 'com.apple.main-thread, stop reason = EXC_BAD_ACCESS (code=1, address=0x9701488a84)
    frame #0: 0x000000010100205a libcapstone.dylib`insn_find(m=0x0000000101488bb0, max=<unavailable>, id=0) + 58 at utils.c:30
    frame #1: 0x0000000101033cd0 libcapstone.dylib`Mips_get_insn_id(insn=0x00007fff5fbeb720, id=<unavailable>) + 288 at mapping.c:1410
    frame #2: 0x00000001010016ee libcapstone.dylib`fill_insn(handle=<unavailable>, insn=0x00007fff5fbeb720, buffer=0x00007fff5fbeb518, mci=0x00007fff5fbfcd30, printer=0x0000000000000000, code=0x0000000100501480) + 78 at cs.c:179
    frame #3: 0x00000001010018ec libcapstone.dylib`cs_disasm_dyn(ud=4300216320, buffer=0x0000000100501480, size=4, offset=0, count=1, insn=0x00007fff5fbfd430) + 348 at cs.c:321
    frame #4: 0x00000001003ebd89 asm_mips_cs.dylib`disassemble + 169
    frame #5: 0x00000001000b271e libr_asm.dylib`r_asm_disassemble(a=0x0000000100403900, op=0x00007fff5fbfd500, buf=0x0000000100501480, len=4) + 110 at asm.c:307
    frame #6: 0x00000001000b2c78 libr_asm.dylib`r_asm_mdisassemble(a=0x0000000100403900, buf=0x0000000100501480, len=4) + 440 at asm.c:370
    frame #7: 0x000000010000224d rasm2`rasm_disasm(buf=0x00007fff5fbffd14, offset=0, len=4, bits=32, ascii=0, bin=0, hex=0) + 893 at rasm2.c:101
    frame #8: 0x0000000100001a95 rasm2`main(argc=5, argv=0x00007fff5fbffbe0) + 4149 at rasm2.c:364
    frame #9: 0x00007fff8af065fd libdyld.dylib`start + 1
(lldb) disassemble -p
libcapstone.dylib`insn_find + 58 at utils.c:30:
-> 0x10100205a:  movl   (%rdi,%rcx), %ecx
   0x10100205d:  cmpl   %edx, %ecx
   0x10100205f:  je     0x10100206a               ; insn_find + 74 at utils.c:40
   0x101002061:  leal   -1(%rax), %esi
(lldb) register read
General Purpose Registers:
       rax = 0x000000007fffffff
       rbx = 0x0000000000000258
       rcx = 0x00000095fffffed4           <----- this value is 'i' and that's an out of bounds read op
       rdx = 0x0000000000000000
       rdi = 0x0000000101488bb0  insns
       rsi = 0x00000000ffffffff
       rbp = 0x00007fff5fbeb440
       rsp = 0x00007fff5fbeb440
        r8 = 0x0000000000000000
        r9 = 0x00000000ffffffff
       r10 = 0x001004003200c803
       r11 = 0xfffffffffffee7e0
       r12 = 0x00007fff5fbeb720
       r13 = 0x00007fff5fbfcd30
       r14 = 0x0000000101488bb0  insns
       r15 = 0x00007fff5fbeb518
       rip = 0x000000010100205a  libcapstone.dylib`insn_find + 58 at utils.c:30
    rflags = 0x0000000000010206
        cs = 0x000000000000002b
        fs = 0x0000000000000000
        gs = 0x000000007fff0000
```
